\BOOKMARK [1][-]{section.1}{Introduction}{}% 1
\BOOKMARK [2][-]{subsection.1.1}{Boundary value problem}{section.1}% 2
\BOOKMARK [2][-]{subsection.1.2}{Finite difference methods}{section.1}% 3
\BOOKMARK [2][-]{subsection.1.3}{Consistency, convergence and stability of FD methods}{section.1}% 4
\BOOKMARK [2][-]{subsection.1.4}{The present case}{section.1}% 5
\BOOKMARK [3][-]{subsubsection.1.4.1}{The advection-diffusion problem}{subsection.1.4}% 6
\BOOKMARK [3][-]{subsubsection.1.4.2}{The diffusion-reaction problem}{subsection.1.4}% 7
\BOOKMARK [1][-]{section.2}{The program}{}% 8
\BOOKMARK [2][-]{subsection.2.1}{Implementation}{section.2}% 9
\BOOKMARK [2][-]{subsection.2.2}{Solving the equation}{section.2}% 10
\BOOKMARK [2][-]{subsection.2.3}{Testing correctness}{section.2}% 11
\BOOKMARK [2][-]{subsection.2.4}{Running the program}{section.2}% 12
\BOOKMARK [2][-]{subsection.2.5}{Results of the tests}{section.2}% 13
\BOOKMARK [3][-]{subsubsection.2.5.1}{Varying the matrix size}{subsection.2.5}% 14
\BOOKMARK [3][-]{subsubsection.2.5.2}{Varying }{subsection.2.5}% 15
\BOOKMARK [3][-]{subsubsection.2.5.3}{Varying }{subsection.2.5}% 16
\BOOKMARK [1][-]{section.3}{Conclusive remarks}{}% 17
\BOOKMARK [2][-]{subsection.3.1}{Memory}{section.3}% 18
\BOOKMARK [2][-]{subsection.3.2}{Performances}{section.3}% 19
\BOOKMARK [3][-]{subsubsection.3.2.1}{Possible solutions}{subsection.3.2}% 20
